
Building AnalogSensor1
"/home/mdiannna/.arduinocdt/packages/arduino/tools/avr-gcc/7.3.0-atmel3.6.1-arduino5/bin/avr-g++" -c -g -Os -w -std=gnu++11 -fpermissive -fno-exceptions -ffunction-sections -fdata-sections -fno-threadsafe-statics -Wno-error=narrowing -MMD -flto -mmcu=atmega328p -DF_CPU=16000000L -DARDUINO=10608 -DARDUINO_AVR_NANO -DARDUINO_ARCH_AVR   -I"/home/mdiannna/.arduinocdt/packages/arduino/hardware/avr/1.8.2/cores/arduino" -I"/home/mdiannna/.arduinocdt/packages/arduino/hardware/avr/1.8.2/variants/eightanaloginputs" "../../AnalogSensor1.cpp" -o "project/AnalogSensor1.cpp.o"
"/home/mdiannna/.arduinocdt/packages/arduino/tools/avr-gcc/7.3.0-atmel3.6.1-arduino5/bin/avr-g++" -c -g -Os -w -std=gnu++11 -fpermissive -fno-exceptions -ffunction-sections -fdata-sections -fno-threadsafe-statics -Wno-error=narrowing -MMD -flto -mmcu=atmega328p -DF_CPU=16000000L -DARDUINO=10608 -DARDUINO_AVR_NANO -DARDUINO_ARCH_AVR   -I"/home/mdiannna/.arduinocdt/packages/arduino/hardware/avr/1.8.2/cores/arduino" -I"/home/mdiannna/.arduinocdt/packages/arduino/hardware/avr/1.8.2/variants/eightanaloginputs" "/home/mdiannna/.arduinocdt/packages/arduino/hardware/avr/1.8.2/cores/arduino/abi.cpp" -o "core/abi.cpp.o"
"/home/mdiannna/.arduinocdt/packages/arduino/tools/avr-gcc/7.3.0-atmel3.6.1-arduino5/bin/avr-gcc-ar" rcs  "./core.a" "core/abi.cpp.o"
"/home/mdiannna/.arduinocdt/packages/arduino/tools/avr-gcc/7.3.0-atmel3.6.1-arduino5/bin/avr-gcc" -c -g -Os -w -std=gnu11 -ffunction-sections -fdata-sections -MMD -flto -fno-fat-lto-objects -mmcu=atmega328p -DF_CPU=16000000L -DARDUINO=10608 -DARDUINO_AVR_NANO -DARDUINO_ARCH_AVR   -I"/home/mdiannna/.arduinocdt/packages/arduino/hardware/avr/1.8.2/cores/arduino" -I"/home/mdiannna/.arduinocdt/packages/arduino/hardware/avr/1.8.2/variants/eightanaloginputs" "/home/mdiannna/.arduinocdt/packages/arduino/hardware/avr/1.8.2/cores/arduino/wiring_digital.c" -o "core/wiring_digital.c.o"
"/home/mdiannna/.arduinocdt/packages/arduino/tools/avr-gcc/7.3.0-atmel3.6.1-arduino5/bin/avr-gcc-ar" rcs  "./core.a" "core/wiring_digital.c.o"
"/home/mdiannna/.arduinocdt/packages/arduino/tools/avr-gcc/7.3.0-atmel3.6.1-arduino5/bin/avr-g++" -c -g -Os -w -std=gnu++11 -fpermissive -fno-exceptions -ffunction-sections -fdata-sections -fno-threadsafe-statics -Wno-error=narrowing -MMD -flto -mmcu=atmega328p -DF_CPU=16000000L -DARDUINO=10608 -DARDUINO_AVR_NANO -DARDUINO_ARCH_AVR   -I"/home/mdiannna/.arduinocdt/packages/arduino/hardware/avr/1.8.2/cores/arduino" -I"/home/mdiannna/.arduinocdt/packages/arduino/hardware/avr/1.8.2/variants/eightanaloginputs" "/home/mdiannna/.arduinocdt/packages/arduino/hardware/avr/1.8.2/cores/arduino/Stream.cpp" -o "core/Stream.cpp.o"
"/home/mdiannna/.arduinocdt/packages/arduino/tools/avr-gcc/7.3.0-atmel3.6.1-arduino5/bin/avr-gcc-ar" rcs  "./core.a" "core/Stream.cpp.o"
"/home/mdiannna/.arduinocdt/packages/arduino/tools/avr-gcc/7.3.0-atmel3.6.1-arduino5/bin/avr-gcc" -c -g -Os -w -std=gnu11 -ffunction-sections -fdata-sections -MMD -flto -fno-fat-lto-objects -mmcu=atmega328p -DF_CPU=16000000L -DARDUINO=10608 -DARDUINO_AVR_NANO -DARDUINO_ARCH_AVR   -I"/home/mdiannna/.arduinocdt/packages/arduino/hardware/avr/1.8.2/cores/arduino" -I"/home/mdiannna/.arduinocdt/packages/arduino/hardware/avr/1.8.2/variants/eightanaloginputs" "/home/mdiannna/.arduinocdt/packages/arduino/hardware/avr/1.8.2/cores/arduino/wiring_pulse.c" -o "core/wiring_pulse.c.o"
"/home/mdiannna/.arduinocdt/packages/arduino/tools/avr-gcc/7.3.0-atmel3.6.1-arduino5/bin/avr-gcc-ar" rcs  "./core.a" "core/wiring_pulse.c.o"
"/home/mdiannna/.arduinocdt/packages/arduino/tools/avr-gcc/7.3.0-atmel3.6.1-arduino5/bin/avr-g++" -c -g -Os -w -std=gnu++11 -fpermissive -fno-exceptions -ffunction-sections -fdata-sections -fno-threadsafe-statics -Wno-error=narrowing -MMD -flto -mmcu=atmega328p -DF_CPU=16000000L -DARDUINO=10608 -DARDUINO_AVR_NANO -DARDUINO_ARCH_AVR   -I"/home/mdiannna/.arduinocdt/packages/arduino/hardware/avr/1.8.2/cores/arduino" -I"/home/mdiannna/.arduinocdt/packages/arduino/hardware/avr/1.8.2/variants/eightanaloginputs" "/home/mdiannna/.arduinocdt/packages/arduino/hardware/avr/1.8.2/cores/arduino/HardwareSerial2.cpp" -o "core/HardwareSerial2.cpp.o"
"/home/mdiannna/.arduinocdt/packages/arduino/tools/avr-gcc/7.3.0-atmel3.6.1-arduino5/bin/avr-gcc-ar" rcs  "./core.a" "core/HardwareSerial2.cpp.o"
"/home/mdiannna/.arduinocdt/packages/arduino/tools/avr-gcc/7.3.0-atmel3.6.1-arduino5/bin/avr-g++" -c -g -Os -w -std=gnu++11 -fpermissive -fno-exceptions -ffunction-sections -fdata-sections -fno-threadsafe-statics -Wno-error=narrowing -MMD -flto -mmcu=atmega328p -DF_CPU=16000000L -DARDUINO=10608 -DARDUINO_AVR_NANO -DARDUINO_ARCH_AVR   -I"/home/mdiannna/.arduinocdt/packages/arduino/hardware/avr/1.8.2/cores/arduino" -I"/home/mdiannna/.arduinocdt/packages/arduino/hardware/avr/1.8.2/variants/eightanaloginputs" "/home/mdiannna/.arduinocdt/packages/arduino/hardware/avr/1.8.2/cores/arduino/HardwareSerial3.cpp" -o "core/HardwareSerial3.cpp.o"
"/home/mdiannna/.arduinocdt/packages/arduino/tools/avr-gcc/7.3.0-atmel3.6.1-arduino5/bin/avr-gcc-ar" rcs  "./core.a" "core/HardwareSerial3.cpp.o"
"/home/mdiannna/.arduinocdt/packages/arduino/tools/avr-gcc/7.3.0-atmel3.6.1-arduino5/bin/avr-g++" -c -g -Os -w -std=gnu++11 -fpermissive -fno-exceptions -ffunction-sections -fdata-sections -fno-threadsafe-statics -Wno-error=narrowing -MMD -flto -mmcu=atmega328p -DF_CPU=16000000L -DARDUINO=10608 -DARDUINO_AVR_NANO -DARDUINO_ARCH_AVR   -I"/home/mdiannna/.arduinocdt/packages/arduino/hardware/avr/1.8.2/cores/arduino" -I"/home/mdiannna/.arduinocdt/packages/arduino/hardware/avr/1.8.2/variants/eightanaloginputs" "/home/mdiannna/.arduinocdt/packages/arduino/hardware/avr/1.8.2/cores/arduino/PluggableUSB.cpp" -o "core/PluggableUSB.cpp.o"
"/home/mdiannna/.arduinocdt/packages/arduino/tools/avr-gcc/7.3.0-atmel3.6.1-arduino5/bin/avr-gcc-ar" rcs  "./core.a" "core/PluggableUSB.cpp.o"
"/home/mdiannna/.arduinocdt/packages/arduino/tools/avr-gcc/7.3.0-atmel3.6.1-arduino5/bin/avr-g++" -c -g -Os -w -std=gnu++11 -fpermissive -fno-exceptions -ffunction-sections -fdata-sections -fno-threadsafe-statics -Wno-error=narrowing -MMD -flto -mmcu=atmega328p -DF_CPU=16000000L -DARDUINO=10608 -DARDUINO_AVR_NANO -DARDUINO_ARCH_AVR   -I"/home/mdiannna/.arduinocdt/packages/arduino/hardware/avr/1.8.2/cores/arduino" -I"/home/mdiannna/.arduinocdt/packages/arduino/hardware/avr/1.8.2/variants/eightanaloginputs" "/home/mdiannna/.arduinocdt/packages/arduino/hardware/avr/1.8.2/cores/arduino/IPAddress.cpp" -o "core/IPAddress.cpp.o"
"/home/mdiannna/.arduinocdt/packages/arduino/tools/avr-gcc/7.3.0-atmel3.6.1-arduino5/bin/avr-gcc-ar" rcs  "./core.a" "core/IPAddress.cpp.o"
"/home/mdiannna/.arduinocdt/packages/arduino/tools/avr-gcc/7.3.0-atmel3.6.1-arduino5/bin/avr-g++" -c -g -Os -w -std=gnu++11 -fpermissive -fno-exceptions -ffunction-sections -fdata-sections -fno-threadsafe-statics -Wno-error=narrowing -MMD -flto -mmcu=atmega328p -DF_CPU=16000000L -DARDUINO=10608 -DARDUINO_AVR_NANO -DARDUINO_ARCH_AVR   -I"/home/mdiannna/.arduinocdt/packages/arduino/hardware/avr/1.8.2/cores/arduino" -I"/home/mdiannna/.arduinocdt/packages/arduino/hardware/avr/1.8.2/variants/eightanaloginputs" "/home/mdiannna/.arduinocdt/packages/arduino/hardware/avr/1.8.2/cores/arduino/WString.cpp" -o "core/WString.cpp.o"
"/home/mdiannna/.arduinocdt/packages/arduino/tools/avr-gcc/7.3.0-atmel3.6.1-arduino5/bin/avr-gcc-ar" rcs  "./core.a" "core/WString.cpp.o"
"/home/mdiannna/.arduinocdt/packages/arduino/tools/avr-gcc/7.3.0-atmel3.6.1-arduino5/bin/avr-g++" -c -g -Os -w -std=gnu++11 -fpermissive -fno-exceptions -ffunction-sections -fdata-sections -fno-threadsafe-statics -Wno-error=narrowing -MMD -flto -mmcu=atmega328p -DF_CPU=16000000L -DARDUINO=10608 -DARDUINO_AVR_NANO -DARDUINO_ARCH_AVR   -I"/home/mdiannna/.arduinocdt/packages/arduino/hardware/avr/1.8.2/cores/arduino" -I"/home/mdiannna/.arduinocdt/packages/arduino/hardware/avr/1.8.2/variants/eightanaloginputs" "/home/mdiannna/.arduinocdt/packages/arduino/hardware/avr/1.8.2/cores/arduino/new.cpp" -o "core/new.cpp.o"
"/home/mdiannna/.arduinocdt/packages/arduino/tools/avr-gcc/7.3.0-atmel3.6.1-arduino5/bin/avr-gcc-ar" rcs  "./core.a" "core/new.cpp.o"
"/home/mdiannna/.arduinocdt/packages/arduino/tools/avr-gcc/7.3.0-atmel3.6.1-arduino5/bin/avr-g++" -c -g -Os -w -std=gnu++11 -fpermissive -fno-exceptions -ffunction-sections -fdata-sections -fno-threadsafe-statics -Wno-error=narrowing -MMD -flto -mmcu=atmega328p -DF_CPU=16000000L -DARDUINO=10608 -DARDUINO_AVR_NANO -DARDUINO_ARCH_AVR   -I"/home/mdiannna/.arduinocdt/packages/arduino/hardware/avr/1.8.2/cores/arduino" -I"/home/mdiannna/.arduinocdt/packages/arduino/hardware/avr/1.8.2/variants/eightanaloginputs" "/home/mdiannna/.arduinocdt/packages/arduino/hardware/avr/1.8.2/cores/arduino/CDC.cpp" -o "core/CDC.cpp.o"
"/home/mdiannna/.arduinocdt/packages/arduino/tools/avr-gcc/7.3.0-atmel3.6.1-arduino5/bin/avr-gcc-ar" rcs  "./core.a" "core/CDC.cpp.o"
"/home/mdiannna/.arduinocdt/packages/arduino/tools/avr-gcc/7.3.0-atmel3.6.1-arduino5/bin/avr-g++" -c -g -Os -w -std=gnu++11 -fpermissive -fno-exceptions -ffunction-sections -fdata-sections -fno-threadsafe-statics -Wno-error=narrowing -MMD -flto -mmcu=atmega328p -DF_CPU=16000000L -DARDUINO=10608 -DARDUINO_AVR_NANO -DARDUINO_ARCH_AVR   -I"/home/mdiannna/.arduinocdt/packages/arduino/hardware/avr/1.8.2/cores/arduino" -I"/home/mdiannna/.arduinocdt/packages/arduino/hardware/avr/1.8.2/variants/eightanaloginputs" "/home/mdiannna/.arduinocdt/packages/arduino/hardware/avr/1.8.2/cores/arduino/WMath.cpp" -o "core/WMath.cpp.o"
"/home/mdiannna/.arduinocdt/packages/arduino/tools/avr-gcc/7.3.0-atmel3.6.1-arduino5/bin/avr-gcc-ar" rcs  "./core.a" "core/WMath.cpp.o"
"/home/mdiannna/.arduinocdt/packages/arduino/tools/avr-gcc/7.3.0-atmel3.6.1-arduino5/bin/avr-gcc" -c -g -Os -w -std=gnu11 -ffunction-sections -fdata-sections -MMD -flto -fno-fat-lto-objects -mmcu=atmega328p -DF_CPU=16000000L -DARDUINO=10608 -DARDUINO_AVR_NANO -DARDUINO_ARCH_AVR   -I"/home/mdiannna/.arduinocdt/packages/arduino/hardware/avr/1.8.2/cores/arduino" -I"/home/mdiannna/.arduinocdt/packages/arduino/hardware/avr/1.8.2/variants/eightanaloginputs" "/home/mdiannna/.arduinocdt/packages/arduino/hardware/avr/1.8.2/cores/arduino/hooks.c" -o "core/hooks.c.o"
"/home/mdiannna/.arduinocdt/packages/arduino/tools/avr-gcc/7.3.0-atmel3.6.1-arduino5/bin/avr-gcc-ar" rcs  "./core.a" "core/hooks.c.o"
"/home/mdiannna/.arduinocdt/packages/arduino/tools/avr-gcc/7.3.0-atmel3.6.1-arduino5/bin/avr-gcc" -c -g -Os -w -std=gnu11 -ffunction-sections -fdata-sections -MMD -flto -fno-fat-lto-objects -mmcu=atmega328p -DF_CPU=16000000L -DARDUINO=10608 -DARDUINO_AVR_NANO -DARDUINO_ARCH_AVR   -I"/home/mdiannna/.arduinocdt/packages/arduino/hardware/avr/1.8.2/cores/arduino" -I"/home/mdiannna/.arduinocdt/packages/arduino/hardware/avr/1.8.2/variants/eightanaloginputs" "/home/mdiannna/.arduinocdt/packages/arduino/hardware/avr/1.8.2/cores/arduino/WInterrupts.c" -o "core/WInterrupts.c.o"
"/home/mdiannna/.arduinocdt/packages/arduino/tools/avr-gcc/7.3.0-atmel3.6.1-arduino5/bin/avr-gcc-ar" rcs  "./core.a" "core/WInterrupts.c.o"
"/home/mdiannna/.arduinocdt/packages/arduino/tools/avr-gcc/7.3.0-atmel3.6.1-arduino5/bin/avr-g++" -c -g -Os -w -std=gnu++11 -fpermissive -fno-exceptions -ffunction-sections -fdata-sections -fno-threadsafe-statics -Wno-error=narrowing -MMD -flto -mmcu=atmega328p -DF_CPU=16000000L -DARDUINO=10608 -DARDUINO_AVR_NANO -DARDUINO_ARCH_AVR   -I"/home/mdiannna/.arduinocdt/packages/arduino/hardware/avr/1.8.2/cores/arduino" -I"/home/mdiannna/.arduinocdt/packages/arduino/hardware/avr/1.8.2/variants/eightanaloginputs" "/home/mdiannna/.arduinocdt/packages/arduino/hardware/avr/1.8.2/cores/arduino/Tone.cpp" -o "core/Tone.cpp.o"
"/home/mdiannna/.arduinocdt/packages/arduino/tools/avr-gcc/7.3.0-atmel3.6.1-arduino5/bin/avr-gcc-ar" rcs  "./core.a" "core/Tone.cpp.o"
"/home/mdiannna/.arduinocdt/packages/arduino/tools/avr-gcc/7.3.0-atmel3.6.1-arduino5/bin/avr-g++" -c -g -Os -w -std=gnu++11 -fpermissive -fno-exceptions -ffunction-sections -fdata-sections -fno-threadsafe-statics -Wno-error=narrowing -MMD -flto -mmcu=atmega328p -DF_CPU=16000000L -DARDUINO=10608 -DARDUINO_AVR_NANO -DARDUINO_ARCH_AVR   -I"/home/mdiannna/.arduinocdt/packages/arduino/hardware/avr/1.8.2/cores/arduino" -I"/home/mdiannna/.arduinocdt/packages/arduino/hardware/avr/1.8.2/variants/eightanaloginputs" "/home/mdiannna/.arduinocdt/packages/arduino/hardware/avr/1.8.2/cores/arduino/HardwareSerial.cpp" -o "core/HardwareSerial.cpp.o"
"/home/mdiannna/.arduinocdt/packages/arduino/tools/avr-gcc/7.3.0-atmel3.6.1-arduino5/bin/avr-gcc-ar" rcs  "./core.a" "core/HardwareSerial.cpp.o"
"/home/mdiannna/.arduinocdt/packages/arduino/tools/avr-gcc/7.3.0-atmel3.6.1-arduino5/bin/avr-gcc" -c -g -x assembler-with-cpp -flto -MMD -mmcu=atmega328p -DF_CPU=16000000L -DARDUINO=10608 -DARDUINO_AVR_NANO -DARDUINO_ARCH_AVR   -I"/home/mdiannna/.arduinocdt/packages/arduino/hardware/avr/1.8.2/cores/arduino" -I"/home/mdiannna/.arduinocdt/packages/arduino/hardware/avr/1.8.2/variants/eightanaloginputs" "/home/mdiannna/.arduinocdt/packages/arduino/hardware/avr/1.8.2/cores/arduino/wiring_pulse.S" -o "core/wiring_pulse.S.o"
"/home/mdiannna/.arduinocdt/packages/arduino/tools/avr-gcc/7.3.0-atmel3.6.1-arduino5/bin/avr-gcc-ar" rcs  "./core.a" "core/wiring_pulse.S.o"
"/home/mdiannna/.arduinocdt/packages/arduino/tools/avr-gcc/7.3.0-atmel3.6.1-arduino5/bin/avr-g++" -c -g -Os -w -std=gnu++11 -fpermissive -fno-exceptions -ffunction-sections -fdata-sections -fno-threadsafe-statics -Wno-error=narrowing -MMD -flto -mmcu=atmega328p -DF_CPU=16000000L -DARDUINO=10608 -DARDUINO_AVR_NANO -DARDUINO_ARCH_AVR   -I"/home/mdiannna/.arduinocdt/packages/arduino/hardware/avr/1.8.2/cores/arduino" -I"/home/mdiannna/.arduinocdt/packages/arduino/hardware/avr/1.8.2/variants/eightanaloginputs" "/home/mdiannna/.arduinocdt/packages/arduino/hardware/avr/1.8.2/cores/arduino/HardwareSerial1.cpp" -o "core/HardwareSerial1.cpp.o"
"/home/mdiannna/.arduinocdt/packages/arduino/tools/avr-gcc/7.3.0-atmel3.6.1-arduino5/bin/avr-gcc-ar" rcs  "./core.a" "core/HardwareSerial1.cpp.o"
"/home/mdiannna/.arduinocdt/packages/arduino/tools/avr-gcc/7.3.0-atmel3.6.1-arduino5/bin/avr-g++" -c -g -Os -w -std=gnu++11 -fpermissive -fno-exceptions -ffunction-sections -fdata-sections -fno-threadsafe-statics -Wno-error=narrowing -MMD -flto -mmcu=atmega328p -DF_CPU=16000000L -DARDUINO=10608 -DARDUINO_AVR_NANO -DARDUINO_ARCH_AVR   -I"/home/mdiannna/.arduinocdt/packages/arduino/hardware/avr/1.8.2/cores/arduino" -I"/home/mdiannna/.arduinocdt/packages/arduino/hardware/avr/1.8.2/variants/eightanaloginputs" "/home/mdiannna/.arduinocdt/packages/arduino/hardware/avr/1.8.2/cores/arduino/Print.cpp" -o "core/Print.cpp.o"
"/home/mdiannna/.arduinocdt/packages/arduino/tools/avr-gcc/7.3.0-atmel3.6.1-arduino5/bin/avr-gcc-ar" rcs  "./core.a" "core/Print.cpp.o"
"/home/mdiannna/.arduinocdt/packages/arduino/tools/avr-gcc/7.3.0-atmel3.6.1-arduino5/bin/avr-g++" -c -g -Os -w -std=gnu++11 -fpermissive -fno-exceptions -ffunction-sections -fdata-sections -fno-threadsafe-statics -Wno-error=narrowing -MMD -flto -mmcu=atmega328p -DF_CPU=16000000L -DARDUINO=10608 -DARDUINO_AVR_NANO -DARDUINO_ARCH_AVR   -I"/home/mdiannna/.arduinocdt/packages/arduino/hardware/avr/1.8.2/cores/arduino" -I"/home/mdiannna/.arduinocdt/packages/arduino/hardware/avr/1.8.2/variants/eightanaloginputs" "/home/mdiannna/.arduinocdt/packages/arduino/hardware/avr/1.8.2/cores/arduino/HardwareSerial0.cpp" -o "core/HardwareSerial0.cpp.o"
"/home/mdiannna/.arduinocdt/packages/arduino/tools/avr-gcc/7.3.0-atmel3.6.1-arduino5/bin/avr-gcc-ar" rcs  "./core.a" "core/HardwareSerial0.cpp.o"
"/home/mdiannna/.arduinocdt/packages/arduino/tools/avr-gcc/7.3.0-atmel3.6.1-arduino5/bin/avr-gcc" -c -g -Os -w -std=gnu11 -ffunction-sections -fdata-sections -MMD -flto -fno-fat-lto-objects -mmcu=atmega328p -DF_CPU=16000000L -DARDUINO=10608 -DARDUINO_AVR_NANO -DARDUINO_ARCH_AVR   -I"/home/mdiannna/.arduinocdt/packages/arduino/hardware/avr/1.8.2/cores/arduino" -I"/home/mdiannna/.arduinocdt/packages/arduino/hardware/avr/1.8.2/variants/eightanaloginputs" "/home/mdiannna/.arduinocdt/packages/arduino/hardware/avr/1.8.2/cores/arduino/wiring.c" -o "core/wiring.c.o"
"/home/mdiannna/.arduinocdt/packages/arduino/tools/avr-gcc/7.3.0-atmel3.6.1-arduino5/bin/avr-gcc-ar" rcs  "./core.a" "core/wiring.c.o"
"/home/mdiannna/.arduinocdt/packages/arduino/tools/avr-gcc/7.3.0-atmel3.6.1-arduino5/bin/avr-gcc" -c -g -Os -w -std=gnu11 -ffunction-sections -fdata-sections -MMD -flto -fno-fat-lto-objects -mmcu=atmega328p -DF_CPU=16000000L -DARDUINO=10608 -DARDUINO_AVR_NANO -DARDUINO_ARCH_AVR   -I"/home/mdiannna/.arduinocdt/packages/arduino/hardware/avr/1.8.2/cores/arduino" -I"/home/mdiannna/.arduinocdt/packages/arduino/hardware/avr/1.8.2/variants/eightanaloginputs" "/home/mdiannna/.arduinocdt/packages/arduino/hardware/avr/1.8.2/cores/arduino/wiring_shift.c" -o "core/wiring_shift.c.o"
"/home/mdiannna/.arduinocdt/packages/arduino/tools/avr-gcc/7.3.0-atmel3.6.1-arduino5/bin/avr-gcc-ar" rcs  "./core.a" "core/wiring_shift.c.o"
"/home/mdiannna/.arduinocdt/packages/arduino/tools/avr-gcc/7.3.0-atmel3.6.1-arduino5/bin/avr-g++" -c -g -Os -w -std=gnu++11 -fpermissive -fno-exceptions -ffunction-sections -fdata-sections -fno-threadsafe-statics -Wno-error=narrowing -MMD -flto -mmcu=atmega328p -DF_CPU=16000000L -DARDUINO=10608 -DARDUINO_AVR_NANO -DARDUINO_ARCH_AVR   -I"/home/mdiannna/.arduinocdt/packages/arduino/hardware/avr/1.8.2/cores/arduino" -I"/home/mdiannna/.arduinocdt/packages/arduino/hardware/avr/1.8.2/variants/eightanaloginputs" "/home/mdiannna/.arduinocdt/packages/arduino/hardware/avr/1.8.2/cores/arduino/USBCore.cpp" -o "core/USBCore.cpp.o"
"/home/mdiannna/.arduinocdt/packages/arduino/tools/avr-gcc/7.3.0-atmel3.6.1-arduino5/bin/avr-gcc-ar" rcs  "./core.a" "core/USBCore.cpp.o"
"/home/mdiannna/.arduinocdt/packages/arduino/tools/avr-gcc/7.3.0-atmel3.6.1-arduino5/bin/avr-gcc" -c -g -Os -w -std=gnu11 -ffunction-sections -fdata-sections -MMD -flto -fno-fat-lto-objects -mmcu=atmega328p -DF_CPU=16000000L -DARDUINO=10608 -DARDUINO_AVR_NANO -DARDUINO_ARCH_AVR   -I"/home/mdiannna/.arduinocdt/packages/arduino/hardware/avr/1.8.2/cores/arduino" -I"/home/mdiannna/.arduinocdt/packages/arduino/hardware/avr/1.8.2/variants/eightanaloginputs" "/home/mdiannna/.arduinocdt/packages/arduino/hardware/avr/1.8.2/cores/arduino/wiring_analog.c" -o "core/wiring_analog.c.o"
"/home/mdiannna/.arduinocdt/packages/arduino/tools/avr-gcc/7.3.0-atmel3.6.1-arduino5/bin/avr-gcc-ar" rcs  "./core.a" "core/wiring_analog.c.o"
"/home/mdiannna/.arduinocdt/packages/arduino/tools/avr-gcc/7.3.0-atmel3.6.1-arduino5/bin/avr-g++" -c -g -Os -w -std=gnu++11 -fpermissive -fno-exceptions -ffunction-sections -fdata-sections -fno-threadsafe-statics -Wno-error=narrowing -MMD -flto -mmcu=atmega328p -DF_CPU=16000000L -DARDUINO=10608 -DARDUINO_AVR_NANO -DARDUINO_ARCH_AVR   -I"/home/mdiannna/.arduinocdt/packages/arduino/hardware/avr/1.8.2/cores/arduino" -I"/home/mdiannna/.arduinocdt/packages/arduino/hardware/avr/1.8.2/variants/eightanaloginputs" "/home/mdiannna/.arduinocdt/packages/arduino/hardware/avr/1.8.2/cores/arduino/main.cpp" -o "core/main.cpp.o"
"/home/mdiannna/.arduinocdt/packages/arduino/tools/avr-gcc/7.3.0-atmel3.6.1-arduino5/bin/avr-gcc-ar" rcs  "./core.a" "core/main.cpp.o"
"/home/mdiannna/.arduinocdt/packages/arduino/tools/avr-gcc/7.3.0-atmel3.6.1-arduino5/bin/avr-gcc" -w -Os -g -flto -fuse-linker-plugin -Wl,--gc-sections -mmcu=atmega328p  -o "./AnalogSensor1.elf" project/AnalogSensor1.cpp.o   "./core.a" "-L." -lm
"/home/mdiannna/.arduinocdt/packages/arduino/tools/avr-gcc/7.3.0-atmel3.6.1-arduino5/bin/avr-objcopy" -O ihex -R .eeprom  "./AnalogSensor1.elf" "./AnalogSensor1.hex"
"/home/mdiannna/.arduinocdt/packages/arduino/tools/avr-gcc/7.3.0-atmel3.6.1-arduino5/bin/avr-objcopy" -O ihex -j .eeprom --set-section-flags=.eeprom=alloc,load --no-change-warnings --change-section-lma .eeprom=0  "./AnalogSensor1.elf" "./AnalogSensor1.eep"
Program store usage: 1945 of maximum 30720 bytes
Initial RAM usage: 191 of maximum 2048 bytes

Building AnalogSensor1
make: Nothing to be done for 'all'.
Program store usage: 1945 of maximum 30720 bytes
Initial RAM usage: 191 of maximum 2048 bytes

Building AnalogSensor1
make: Nothing to be done for 'all'.
Program store usage: 1945 of maximum 30720 bytes
Initial RAM usage: 191 of maximum 2048 bytes

Building AnalogSensor1
make: Nothing to be done for 'all'.
Program store usage: 1945 of maximum 30720 bytes
Initial RAM usage: 191 of maximum 2048 bytes

Building AnalogSensor1
"/home/mdiannna/.arduinocdt/packages/arduino/tools/avr-gcc/7.3.0-atmel3.6.1-arduino5/bin/avr-g++" -c -g -Os -w -std=gnu++11 -fpermissive -fno-exceptions -ffunction-sections -fdata-sections -fno-threadsafe-statics -Wno-error=narrowing -MMD -flto -mmcu=atmega328p -DF_CPU=16000000L -DARDUINO=10608 -DARDUINO_AVR_NANO -DARDUINO_ARCH_AVR   -I"/home/mdiannna/.arduinocdt/packages/arduino/hardware/avr/1.8.2/cores/arduino" -I"/home/mdiannna/.arduinocdt/packages/arduino/hardware/avr/1.8.2/variants/eightanaloginputs" "../../AnalogSensor1.cpp" -o "project/AnalogSensor1.cpp.o"
"/home/mdiannna/.arduinocdt/packages/arduino/tools/avr-gcc/7.3.0-atmel3.6.1-arduino5/bin/avr-gcc" -w -Os -g -flto -fuse-linker-plugin -Wl,--gc-sections -mmcu=atmega328p  -o "./AnalogSensor1.elf" project/AnalogSensor1.cpp.o   "./core.a" "-L." -lm
/tmp/cc7q7ttP.ltrans0.ltrans.o: In function `setup':
/home/mdiannna/eclipse-workspace/AnalogSensor1/build/Arduino Nano 1/../../AnalogSensor1.cpp:7: undefined reference to `initPhotoresistor()'
Makefile:59: recipe for target 'AnalogSensor1.elf' failed
collect2: error: ld returned 1 exit status
make: *** [AnalogSensor1.elf] Error 1

Building AnalogSensor1
"/home/mdiannna/.arduinocdt/packages/arduino/tools/avr-gcc/7.3.0-atmel3.6.1-arduino5/bin/avr-g++" -c -g -Os -w -std=gnu++11 -fpermissive -fno-exceptions -ffunction-sections -fdata-sections -fno-threadsafe-statics -Wno-error=narrowing -MMD -flto -mmcu=atmega328p -DF_CPU=16000000L -DARDUINO=10608 -DARDUINO_AVR_NANO -DARDUINO_ARCH_AVR   -I"/home/mdiannna/.arduinocdt/packages/arduino/hardware/avr/1.8.2/cores/arduino" -I"/home/mdiannna/.arduinocdt/packages/arduino/hardware/avr/1.8.2/variants/eightanaloginputs" "../../AnalogSensor1.cpp" -o "project/AnalogSensor1.cpp.o"
"/home/mdiannna/.arduinocdt/packages/arduino/tools/avr-gcc/7.3.0-atmel3.6.1-arduino5/bin/avr-g++" -c -g -Os -w -std=gnu++11 -fpermissive -fno-exceptions -ffunction-sections -fdata-sections -fno-threadsafe-statics -Wno-error=narrowing -MMD -flto -mmcu=atmega328p -DF_CPU=16000000L -DARDUINO=10608 -DARDUINO_AVR_NANO -DARDUINO_ARCH_AVR   -I"/home/mdiannna/.arduinocdt/packages/arduino/hardware/avr/1.8.2/cores/arduino" -I"/home/mdiannna/.arduinocdt/packages/arduino/hardware/avr/1.8.2/variants/eightanaloginputs" "../../photoresistor.cpp" -o "project/photoresistor.cpp.o"
"/home/mdiannna/.arduinocdt/packages/arduino/tools/avr-gcc/7.3.0-atmel3.6.1-arduino5/bin/avr-gcc" -w -Os -g -flto -fuse-linker-plugin -Wl,--gc-sections -mmcu=atmega328p  -o "./AnalogSensor1.elf" project/AnalogSensor1.cpp.o project/photoresistor.cpp.o   "./core.a" "-L." -lm
"/home/mdiannna/.arduinocdt/packages/arduino/tools/avr-gcc/7.3.0-atmel3.6.1-arduino5/bin/avr-objcopy" -O ihex -R .eeprom  "./AnalogSensor1.elf" "./AnalogSensor1.hex"
"/home/mdiannna/.arduinocdt/packages/arduino/tools/avr-gcc/7.3.0-atmel3.6.1-arduino5/bin/avr-objcopy" -O ihex -j .eeprom --set-section-flags=.eeprom=alloc,load --no-change-warnings --change-section-lma .eeprom=0  "./AnalogSensor1.elf" "./AnalogSensor1.eep"
Program store usage: 1961 of maximum 30720 bytes
Initial RAM usage: 191 of maximum 2048 bytes

Building AnalogSensor1
make: Nothing to be done for 'all'.
Program store usage: 1961 of maximum 30720 bytes
Initial RAM usage: 191 of maximum 2048 bytes
